2008-10-30 06:15:20, Sec: 0.03
......Animal ID: 48, Subscriber: 3
PROC: Hepatic Insufficiency..................., Own: 1, Ani: 0, FUP N: 0, O: 0, Upd: 0, R: 0
PROC: Propose Inusrance......................., Own: 1, Ani: 1, FUP N: 1, O: 0, Upd: 0, R: 0
2008-10-30 06:46:04, Sec: 0.07
......Animal ID: 49, Subscriber: 3
PROC: Hepatic Insufficiency..................., Own: 1, Ani: 0, FUP N: 0, O: 0, Upd: 0, R: 0
PROC: Propose Inusrance......................., Own: 1, Ani: 1, FUP N: 1, O: 0, Upd: 0, R: 0
2008-10-30 07:18:36, Sec: 0.02
......Animal ID: 49, Subscriber: 3
PROC: Hepatic Insufficiency..................., Own: 1, Ani: 0, FUP N: 0, O: 0, Upd: 0, R: 0
2008-10-30 07:22:57, Sec: 0.05
......Animal ID: 49, Subscriber: 3
PROC: Hepatic Insufficiency..................., Own: 1, Ani: 0, FUP N: 0, O: 0, Upd: 0, R: 0
2008-10-30 07:24:03, Sec: 0.03
......Animal ID: 49, Subscriber: 3
PROC: Hepatic Insufficiency..................., Own: 1, Ani: 0, FUP N: 0, O: 0, Upd: 0, R: 0
2008-10-30 07:25:23, Sec: 0.04
......Animal ID: 49, Subscriber: 3
PROC: Hepatic Insufficiency..................., Own: 1, Ani: 0, FUP N: 0, O: 0, Upd: 0, R: 0
2008-10-30 07:28:03, Sec: 0.03
......Animal ID: 49, Subscriber: 3
PROC: Hepatic Insufficiency..................., Own: 1, Ani: 0, FUP N: 0, O: 0, Upd: 0, R: 0
2008-10-30 07:29:42, Sec: 0.03
......Animal ID: 49, Subscriber: 3
PROC: Hepatic Insufficiency..................., Own: 1, Ani: 0, FUP N: 0, O: 0, Upd: 0, R: 0
2008-10-30 07:30:02, Sec: 0.04
......Animal ID: 49, Subscriber: 3
PROC: Hepatic Insufficiency..................., Own: 1, Ani: 0, FUP N: 0, O: 0, Upd: 0, R: 0
2008-10-30 07:30:38, Sec: 0.03
......Animal ID: 49, Subscriber: 3
PROC: Hepatic Insufficiency..................., Own: 1, Ani: 0, FUP N: 0, O: 0, Upd: 0, R: 0
2008-10-30 07:31:04, Sec: 0.04
......Animal ID: 49, Subscriber: 3
PROC: Hepatic Insufficiency..................., Own: 1, Ani: 0, FUP N: 0, O: 0, Upd: 0, R: 0
2008-10-30 07:31:24, Sec: 0.29
......Animal ID: 49, Subscriber: 3
PROC: Hepatic Insufficiency..................., Own: 1, Ani: 0, FUP N: 0, O: 0, Upd: 0, R: 0
2008-10-30 07:31:34, Sec: 0.04
......Animal ID: 49, Subscriber: 3
PROC: Hepatic Insufficiency..................., Own: 1, Ani: 0, FUP N: 0, O: 0, Upd: 0, R: 0
2008-10-30 07:31:44, Sec: 0.04
......Animal ID: 49, Subscriber: 3
PROC: Hepatic Insufficiency..................., Own: 1, Ani: 0, FUP N: 0, O: 0, Upd: 0, R: 0
2008-10-30 07:31:53, Sec: 0.03
......Animal ID: 49, Subscriber: 3
PROC: Hepatic Insufficiency..................., Own: 1, Ani: 0, FUP N: 0, O: 0, Upd: 0, R: 0
2008-10-30 07:38:28, Sec: 0.32
......Animal ID: 49, Subscriber: 3
PROC: Hepatic Insufficiency..................., Own: 1, Ani: 0, FUP N: 0, O: 0, Upd: 0, R: 0
2008-10-30 07:39:13, Sec: 0.19
......Animal ID: 49, Subscriber: 3
PROC: Hepatic Insufficiency..................., Own: 1, Ani: 0, FUP N: 0, O: 0, Upd: 0, R: 0
2008-10-30 07:39:40, Sec: 0.04
......Animal ID: 49, Subscriber: 3
PROC: Hepatic Insufficiency..................., Own: 1, Ani: 0, FUP N: 0, O: 0, Upd: 0, R: 0
2008-10-30 07:40:05, Sec: 0.03
......Animal ID: 49, Subscriber: 3
PROC: Hepatic Insufficiency..................., Own: 1, Ani: 0, FUP N: 0, O: 0, Upd: 0, R: 0
2008-10-30 07:40:31, Sec: 0.03
......Animal ID: 49, Subscriber: 3
PROC: Hepatic Insufficiency..................., Own: 1, Ani: 0, FUP N: 0, O: 0, Upd: 0, R: 0
2008-10-30 07:40:42, Sec: 0.04
......Animal ID: 49, Subscriber: 3
PROC: Hepatic Insufficiency..................., Own: 1, Ani: 0, FUP N: 0, O: 0, Upd: 0, R: 0
2008-10-30 07:41:14, Sec: 0.03
......Animal ID: 49, Subscriber: 3
PROC: Hepatic Insufficiency..................., Own: 1, Ani: 0, FUP N: 0, O: 0, Upd: 0, R: 0
2008-10-30 07:42:39, Sec: 0.03
......Animal ID: 49, Subscriber: 3
PROC: Hepatic Insufficiency..................., Own: 1, Ani: 0, FUP N: 0, O: 0, Upd: 0, R: 0
PROC: Propose Inusrance......................., Own: 1, Ani: 0, FUP N: 0, O: 0, Upd: 0, R: 0, DteP: 1
2008-10-30 07:43:28, Sec: 0.04
......Animal ID: 49, Subscriber: 3
PROC: Hepatic Insufficiency..................., Own: 1, Ani: 0, FUP N: 0, O: 0, Upd: 0, R: 0
PROC: Propose Inusrance......................., Own: 1, Ani: 0, FUP N: 0, O: 0, Upd: 0, R: 0, DteP: 1
2008-10-30 07:44:01, Sec: 0.03
......Animal ID: 49, Subscriber: 3
PROC: Hepatic Insufficiency..................., Own: 1, Ani: 0, FUP N: 0, O: 0, Upd: 0, R: 0
PROC: Propose Inusrance......................., Own: 1, Ani: 0, FUP N: 0, O: 0, Upd: 0, R: 0, DteP: 1
2008-10-30 07:44:40, Sec: 0.03
......Animal ID: 49, Subscriber: 3
PROC: Hepatic Insufficiency..................., Own: 1, Ani: 0, FUP N: 0, O: 0, Upd: 0, R: 0
PROC: Propose Inusrance......................., Own: 1, Ani: 0, FUP N: 0, O: 0, Upd: 0, R: 0, DteP: 1
2008-10-30 11:09:51, Sec: 0.07
......Animal ID: 44, Subscriber: 12
PROC: active autoproc........................., Own: 1, Ani: 0, FUP N: 0, O: 0, Upd: 0, R: 0
PROC: Diabetes................................, Own: 1, Ani: 0, FUP N: 0, O: 0, Upd: 0, R: 0
PROC: Hello World Proc........................, Own: 1, Ani: 0, FUP N: 0, O: 0, Upd: 0, R: 0
PROC: Hepatic Insufficiency..................., Own: 1, Ani: 0, FUP N: 0, O: 0, Upd: 0, R: 0
PROC: Propose Insurance......................., Own: 1, Ani: 1, FUP N: 1, O: 0, Upd: 0, R: 0
PROC: Birthday Greeter........................, Own: 1, Ani: 1, FUP N: 1, O: 0, Upd: 0, R: 0
2008-10-30 11:31:06, Sec: 0.06
......Animal ID: 44, Subscriber: 12
PROC: active autoproc........................., Own: 1, Ani: 1, FUP N: 1, O: 0, Upd: 0, R: 0
PROC: Diabetes................................, Own: 1, Ani: 1, FUP N: 1, O: 0, Upd: 0, R: 0
PROC: Hello World Proc........................, Own: 1, Ani: 1, FUP N: 1, O: 0, Upd: 0, R: 0
PROC: Hepatic Insufficiency..................., Own: 1, Ani: 0, FUP N: 0, O: 0, Upd: 0, R: 0
PROC: Propose Insurance......................., Own: 1, Ani: 1, FUP N: 1, O: 0, Upd: 0, R: 0
PROC: Birthday Greeter........................, Own: 1, Ani: 1, FUP N: 1, O: 0, Upd: 0, R: 0
2008-10-30 01:56:09, Sec: 0.22
......Animal ID: 44, Subscriber: 12
PROC: active autoproc........................., Own: 1, Ani: 1, FUP N: 1, O: 0, Upd: 0, R: 0
PROC: Diabetes................................, Own: 1, Ani: 1, FUP N: 1, O: 0, Upd: 0, R: 0
PROC: Hello World Proc........................, Own: 1, Ani: 1, FUP N: 1, O: 0, Upd: 0, R: 0
PROC: Hepatic Insufficiency..................., Own: 1, Ani: 0, FUP N: 0, O: 0, Upd: 0, R: 0
PROC: Propose Insurance......................., Own: 1, Ani: 1, FUP N: 1, O: 0, Upd: 0, R: 0
PROC: Birthday Greeter........................, Own: 1, Ani: 1, FUP N: 1, O: 0, Upd: 0, R: 0
2008-10-30 01:58:45, Sec: 0.17
......Animal ID: 44, Subscriber: 12
PROC: active autoproc........................., Own: 1, Ani: 0, FUP N: 0, O: 0, Upd: 0, R: 0, DelFU: 1
PROC: Diabetes................................, Own: 1, Ani: 0, FUP N: 0, O: 0, Upd: 0, R: 0, DelFU: 1
PROC: Hello World Proc........................, Own: 1, Ani: 0, FUP N: 0, O: 0, Upd: 0, R: 0, DelFU: 1
PROC: Hepatic Insufficiency..................., Own: 1, Ani: 0, FUP N: 0, O: 0, Upd: 0, R: 0
PROC: Propose Insurance......................., Own: 1, Ani: 1, FUP N: 0, O: 0, Upd: 1, R: 0
PROC: Birthday Greeter........................, Own: 1, Ani: 1, FUP N: 0, O: 0, Upd: 1, R: 0
2008-10-30 02:00:05, Sec: 0.05
......Animal ID: 44, Subscriber: 12
PROC: active autoproc........................., Own: 1, Ani: 1, FUP N: 1, O: 0, Upd: 0, R: 0
PROC: Diabetes................................, Own: 1, Ani: 1, FUP N: 1, O: 0, Upd: 0, R: 0
PROC: Hello World Proc........................, Own: 1, Ani: 1, FUP N: 1, O: 0, Upd: 0, R: 0
PROC: Hepatic Insufficiency..................., Own: 1, Ani: 0, FUP N: 0, O: 0, Upd: 0, R: 0
PROC: Propose Insurance......................., Own: 1, Ani: 1, FUP N: 0, O: 0, Upd: 1, R: 0
PROC: Birthday Greeter........................, Own: 1, Ani: 1, FUP N: 0, O: 0, Upd: 1, R: 0
2008-10-31 01:34:04, Sec: 1.38
......Animal ID: 44, Subscriber: 12
PROC: active autoproc........................., Own: 1, Ani: 1, FUP N: 0, O: 0, Upd: 1, R: 0
PROC: Diabetes................................, Own: 1, Ani: 1, FUP N: 0, O: 0, Upd: 1, R: 0
PROC: Hello World Proc........................, Own: 1, Ani: 0, FUP N: 0, O: 0, Upd: 0, R: 0, Xsd: 1
PROC: Hepatic Insufficiency..................., Own: 1, Ani: 1, FUP N: 1, O: 0, Upd: 0, R: 1
PROC: Propose Insurance......................., Own: 1, Ani: 1, FUP N: 0, O: 0, Upd: 1, R: 0
PROC: Birthday Greeter........................, Own: 1, Ani: 1, FUP N: 0, O: 1, Upd: 0, R: 0
2008-10-31 01:36:04, Sec: 0.07
......Animal ID: 44, Subscriber: 12
PROC: active autoproc........................., Own: 1, Ani: 1, FUP N: 0, O: 0, Upd: 1, R: 0
PROC: Diabetes................................, Own: 1, Ani: 1, FUP N: 0, O: 0, Upd: 1, R: 0
PROC: Hello World Proc........................, Own: 1, Ani: 0, FUP N: 0, O: 0, Upd: 0, R: 0, Xsd: 1
PROC: Hepatic Insufficiency..................., Own: 1, Ani: 1, FUP N: 0, O: 0, Upd: 1, R: 0
PROC: Propose Insurance......................., Own: 1, Ani: 1, FUP N: 0, O: 0, Upd: 1, R: 0
PROC: Birthday Greeter........................, Own: 1, Ani: 1, FUP N: 0, O: 0, Upd: 1, R: 0
2008-10-31 03:07:33, Sec: 0.15
......Animal ID: 44, Subscriber: 12
PROC: active autoproc........................., Own: 1, Ani: 1, FUP N: 0, O: 0, Upd: 1, R: 0
PROC: Diabetes................................, Own: 1, Ani: 1, FUP N: 0, O: 0, Upd: 1, R: 0
PROC: Hello World Proc........................, Own: 1, Ani: 0, FUP N: 0, O: 0, Upd: 0, R: 0, Xsd: 1
PROC: Hepatic Insufficiency..................., Own: 1, Ani: 1, FUP N: 0, O: 0, Upd: 1, R: 0
PROC: Propose Insurance......................., Own: 1, Ani: 1, FUP N: 0, O: 0, Upd: 1, R: 0
PROC: Birthday Greeter........................, Own: 1, Ani: 1, FUP N: 0, O: 0, Upd: 1, R: 0
2008-10-31 06:08:18, Sec: 0.08
......Animal ID: 45, Subscriber: 12
PROC: active autoproc........................., Own: 1, Ani: 1, FUP N: 1, O: 0, Upd: 0, R: 0
PROC: Diabetes................................, Own: 1, Ani: 1, FUP N: 1, O: 0, Upd: 0, R: 0
PROC: Hello World Proc........................, Own: 1, Ani: 0, FUP N: 0, O: 0, Upd: 0, R: 0, Xsd: 1
PROC: Hepatic Insufficiency..................., Own: 1, Ani: 0, FUP N: 0, O: 0, Upd: 0, R: 0
PROC: Propose Insurance......................., Own: 1, Ani: 1, FUP N: 1, O: 0, Upd: 0, R: 0
PROC: Birthday Greeter........................, Own: 1, Ani: 1, FUP N: 1, O: 0, Upd: 0, R: 0
2008-10-31 06:09:04, Sec: 0.07
......Animal ID: 45, Subscriber: 12
PROC: active autoproc........................., Own: 1, Ani: 0, FUP N: 0, O: 0, Upd: 0, R: 0, DelFU: 1
PROC: Diabetes................................, Own: 1, Ani: 0, FUP N: 0, O: 0, Upd: 0, R: 0, DelFU: 1
PROC: Hello World Proc........................, Own: 1, Ani: 0, FUP N: 0, O: 0, Upd: 0, R: 0
PROC: Hepatic Insufficiency..................., Own: 1, Ani: 0, FUP N: 0, O: 0, Upd: 0, R: 0
PROC: Propose Insurance......................., Own: 1, Ani: 1, FUP N: 0, O: 0, Upd: 1, R: 0
PROC: Birthday Greeter........................, Own: 1, Ani: 1, FUP N: 0, O: 0, Upd: 1, R: 0
2008-11-05 07:28:04, Sec: 0.29
......Animal ID: 42, Subscriber: 2
PROC: renal insufficiency autoproc............, Own: 1, Ani: 1, FUP N: 1, O: 0, Upd: 0, R: 1
2008-11-05 07:30:27, Sec: 0.05
......Animal ID: 42, Subscriber: 2
PROC: renal insufficiency autoproc............, Own: 1, Ani: 1, FUP N: 0, O: 0, Upd: 1, R: 1
2008-11-05 07:31:55, Sec: 0.04
......Animal ID: 42, Subscriber: 2
PROC: renal insufficiency autoproc............, Own: 1, Ani: 1, FUP N: 0, O: 0, Upd: 1, R: 1
2008-11-05 07:57:14, Sec: 0.04
......Animal ID: 42, Subscriber: 2
PROC: renal insufficiency autoproc............, Own: 1, Ani: 1, FUP N: 0, O: 0, Upd: 1, R: 1
2008-11-05 08:07:11, Sec: 0.05
......Animal ID: 42, Subscriber: 2
PROC: renal insufficiency autoproc............, Own: 1, Ani: 1, FUP N: 0_O: 0_Upd: 1, REM N: 1
2008-11-05 08:07:23, Sec: 0.08
......Animal ID: 42, Subscriber: 2
PROC: renal insufficiency autoproc............, Own: 1, Ani: 1, FUP N: 0_O: 0_Upd: 1, REM N: 1
2008-11-05 08:07:44, Sec: 0.07
......Animal ID: 42, Subscriber: 2
PROC: renal insufficiency autoproc............, Own: 1, Ani: 1, FUP N: 0_O: 0_Upd: 1, REM N: 1
2008-11-05 08:12:23, Sec: 1.39
......Animal ID: 42, Subscriber: 2
PROC: renal insufficiency autoproc............, Own: 1, Ani: 1, FUP N: 0 _O: 0 _Upd: 1, REM N: 1
2008-11-05 08:13:46, Sec: 0.09
......Animal ID: 42, Subscriber: 2
PROC: renal insufficiency autoproc............, Own: 1, Ani: 1, FUP N: 1 _O: 0 _Upd: 0, REM N: 0 _Upd: 1
2008-11-05 08:14:02, Sec: 0.16
......Animal ID: 42, Subscriber: 2
PROC: renal insufficiency autoproc............, Own: 1, Ani: 1, FUP N: 0 _O: 0 _Upd: 1, REM N: 0 _Upd: 1
2008-11-05 08:14:37, Sec: 0.1
......Animal ID: 42, Subscriber: 2
PROC: renal insufficiency autoproc............, Own: 1, Ani: 1, FUP N: 0 _O: 0 _Upd: 1, REM N: 0 _Upd: 1
2008-11-05 08:23:57, Sec: 0.83
......Animal ID: 42, Subscriber: 2
PROC: renal insufficiency autoproc............, Own: 1, Ani: 1, FUP N: 0 _O: 0 _Upd: 1, REM N: 0 _Upd: 1
2008-11-05 08:25:00, Sec: 0.1
......Animal ID: 42, Subscriber: 2
PROC: renal insufficiency autoproc............, Own: 1, Ani: 1, FUP N: 0 _O: 0 _Upd: 1, REM N: 0 _Upd: 1
2008-11-05 08:31:44, Sec: 1.37
......Animal ID: 42, Subscriber: 2
PROC: renal insufficiency autoproc............, Own: 1, Ani: 1, FUP N: 0 _O: 0 _Upd: 1, REM N: 0 _Upd: 1
2008-11-05 08:36:34, Sec: 1.48
......Animal ID: 42, Subscriber: 2
PROC: renal insufficiency autoproc............, Own: 1, Ani: 1, FUP N: 0 _O: 0 _Upd: 1, REM N: 0 _Upd: 1
2008-11-05 09:51:53, Sec: 0.2
......Animal ID: 42, Subscriber: 2
PROC: renal insufficiency autoproc............, Own: 1, Ani: 1, FUP N: 1 _O: 0 _Upd: 0, REM N: 0
2008-11-05 10:37:22, Sec: 0.05
......Animal ID: 42, Subscriber: 2
PROC: renal insufficiency autoproc............, Own: 1, Ani: 1, FUP N: 0 _O: 0 _Upd: 1, REM N: 0
2008-11-05 10:42:50, Sec: 0.82
......Animal ID: 42, Subscriber: 2
PROC: renal insufficiency autoproc............, Own: 1, Ani: 1, FUP N: 0 _O: 0 _Upd: 1, REM N: 0
2008-11-05 10:45:42, Sec: 0.08
......Animal ID: 42, Subscriber: 2
PROC: renal insufficiency autoproc............, Own: 1, Ani: 1, FUP N: 0 _O: 0 _Upd: 1, REM N: 0
2008-11-05 10:48:00, Sec: 0.08
......Animal ID: 42, Subscriber: 2
PROC: renal insufficiency autoproc............, Own: 1, Ani: 1, FUP N: 0 _O: 0 _Upd: 1, REM N: 0
2008-11-05 10:52:36, Sec: 0.19
......Animal ID: 42, Subscriber: 2
PROC: renal insufficiency autoproc............, Own: 1, Ani: 1, FUP N: 0 _O: 0 _Upd: 1, REM N: 0
2008-11-05 10:54:31, Sec: 0.15
......Animal ID: 42, Subscriber: 2
PROC: renal insufficiency autoproc............, Own: 1, Ani: 1, FUP N: 0 _O: 0 _Upd: 1, REM N: 0
2008-11-05 10:55:34, Sec: 0.09
......Animal ID: 42, Subscriber: 2
PROC: renal insufficiency autoproc............, Own: 1, Ani: 1, FUP N: 0 _O: 0 _Upd: 1, REM N: 0
2008-11-05 10:56:48, Sec: 0.58
......Animal ID: 42, Subscriber: 2
PROC: renal insufficiency autoproc............, Own: 1, Ani: 1, FUP N: 0 _O: 0 _Upd: 1, REM N: 1
2008-11-05 10:58:34, Sec: 0.7
......Animal ID: 42, Subscriber: 2
PROC: renal insufficiency autoproc............, Own: 1, Ani: 1, FUP N: 0 _O: 0 _Upd: 1, REM N: 0 _Upd: 1
2008-11-08 05:06:20, Sec: 0.09
......Animal ID: 27, Subscriber: 1
PROC: Group Proc Simple......................., Own: 1, Ani: 0, FUP N: 0 _Upd: 0, REM N: 0
PROC: TEST AFTER CODE-CLEANUP................., Own: 1, Ani: 0, FUP N: 0 _Upd: 0, REM N: 0
2008-11-08 05:08:25, Sec: 0.05
......Animal ID: 27, Subscriber: 1
PROC: Group Proc Simple......................., Own: 1, Ani: 0, FUP N: 0 _Upd: 0, REM N: 0
PROC: TEST AFTER CODE-CLEANUP................., Own: 1, Ani: 0, FUP N: 0 _Upd: 0, REM N: 0
2008-11-08 05:09:06, Sec: 0.05
......Animal ID: 27, Subscriber: 1
PROC: Group Proc Simple......................., Own: 1, Ani: 0, FUP N: 0 _Upd: 0, REM N: 0
PROC: TEST AFTER CODE-CLEANUP................., Own: 1, Ani: 0, FUP N: 0 _Upd: 0, REM N: 0
2008-11-09 09:13:13, Sec: 0.11
......Animal ID: 42, Subscriber: 2
PROC: renal insufficiency autoproc............, Own: 1, Ani: 0, FUP N: 0 _Upd: 0, REM N: 0, Xsd: 1, Xsdr: 2
PROC: Birthday Greeting......................., Own: 1, Ani: 1, FUP N: 0 _Upd: 1, REM N: 0
2008-11-13 04:41:44, Sec: 0.11
......Animal ID: 50, Subscriber: 5
PROC: Group Proc Simple - Ray................., Own: 1, Ani: 0, FUP N: 0 _Upd: 0, REM N: 0
2008-11-13 04:45:23, Sec: 0.02
......Animal ID: 50, Subscriber: 5
PROC: Group Proc Simple - Ray................., Own: 1, Ani: 0, FUP N: 0 _Upd: 0, REM N: 0
2008-11-13 04:46:53, Sec: 0.21
......Animal ID: 50, Subscriber: 5
PROC: Group Proc Simple - Ray................., Own: 1, Ani: 0, FUP N: 0 _Upd: 0, REM N: 0
2008-11-13 04:54:58, Sec: 0.02
......Animal ID: 50, Subscriber: 5
PROC: Group Proc Simple - Ray................., Own: 1, Ani: 0, FUP N: 0 _Upd: 0, REM N: 0
2008-11-13 04:57:40, Sec: 0.25
......Animal ID: 50, Subscriber: 5
PROC: Group Proc Simple - Ray................., Own: 1, Ani: 0, FUP N: 0 _Upd: 0, REM N: 0
2008-11-13 04:59:14, Sec: 0.21
......Animal ID: 50, Subscriber: 5
PROC: Group Proc Simple - Ray................., Own: 1, Ani: 0, FUP N: 0 _Upd: 0, REM N: 0
2008-11-13 05:05:49, Sec: 0.02
......Animal ID: 50, Subscriber: 5
PROC: Group Proc Simple - Ray................., Own: 1, Ani: 0, FUP N: 0 _Upd: 0, REM N: 0
2008-11-13 05:06:43, Sec: 0.02
......Animal ID: 50, Subscriber: 5
PROC: Group Proc Simple - Ray................., Own: 1, Ani: 0, FUP N: 0 _Upd: 0, REM N: 0
2008-11-13 05:09:11, Sec: 0.02
......Animal ID: 50, Subscriber: 5
PROC: Group Proc Simple - Ray................., Own: 1, Ani: 0, FUP N: 0 _Upd: 0, REM N: 0
2008-11-13 05:13:09, Sec: 0.02
......Animal ID: 50, Subscriber: 5
PROC: Group Proc Simple - Ray................., Own: 1, Ani: 0, FUP N: 0 _Upd: 0, REM N: 0
2008-11-13 05:13:43, Sec: 0.02
......Animal ID: 50, Subscriber: 5
PROC: Group Proc Simple - Ray................., Own: 1, Ani: 0, FUP N: 0 _Upd: 0, REM N: 0
2008-11-13 05:15:22, Sec: 0.17
......Animal ID: 50, Subscriber: 5
PROC: Group Proc Simple - Ray................., Own: 1, Ani: 0, FUP N: 0 _Upd: 0, REM N: 0
2008-11-13 05:15:59, Sec: 0.02
......Animal ID: 50, Subscriber: 5
PROC: Group Proc Simple - Ray................., Own: 1, Ani: 0, FUP N: 0 _Upd: 0, REM N: 0
2008-11-13 05:18:03, Sec: 0.02
......Animal ID: 50, Subscriber: 5
PROC: Group Proc Simple - Ray................., Own: 1, Ani: 0, FUP N: 0 _Upd: 0, REM N: 0
2008-11-13 05:18:26, Sec: 0.02
......Animal ID: 50, Subscriber: 5
PROC: Group Proc Simple - Ray................., Own: 1, Ani: 0, FUP N: 0 _Upd: 0, REM N: 0
2008-11-13 05:34:14, Sec: 0.02
......Animal ID: 50, Subscriber: 5
PROC: Group Proc Simple - Ray................., Own: 1, Ani: 0, FUP N: 0 _Upd: 0, REM N: 0
2008-11-13 05:35:09, Sec: 0.02
......Animal ID: 50, Subscriber: 5
PROC: Group Proc Simple - Ray................., Own: 1, Ani: 0, FUP N: 0 _Upd: 0, REM N: 0
2008-11-14 12:58:26, Sec: 0.02
......Animal ID: 51, Subscriber: 5
PROC: Group Proc Simple - Ray................., Own: 1, Ani: 0, FUP N: 0 _Upd: 0, REM N: 0
2008-11-14 03:53:58, Sec: 0.02
......Animal ID: 50, Subscriber: 5
PROC: Group Proc Simple - Ray................., Own: 1, Ani: 0, FUP N: 0 _Upd: 0, REM N: 0
2008-11-14 03:56:41, Sec: 0.02
......Animal ID: 50, Subscriber: 5
PROC: Group Proc Simple - Ray................., Own: 1, Ani: 0, FUP N: 0 _Upd: 0, REM N: 0
2008-11-14 03:57:43, Sec: 0.02
......Animal ID: 50, Subscriber: 5
PROC: Group Proc Simple - Ray................., Own: 1, Ani: 0, FUP N: 0 _Upd: 0, REM N: 0
2008-11-18 02:33:53, Sec: 1.17
......Animal ID: 50, Subscriber: 5
PROC: Group Proc Simple - Ray................., Own: 1, Ani: 0, FUP N: 0 _Upd: 0, REM N: 0
2008-11-18 02:36:32, Sec: 0.09
......Animal ID: 50, Subscriber: 5
PROC: Group Proc Simple - Ray................., Own: 1, Ani: 0, FUP N: 0 _Upd: 0, REM N: 0
2008-11-18 02:41:56, Sec: 0.05
......Animal ID: 50, Subscriber: 5
PROC: Group Proc Simple - Ray................., Own: 1, Ani: 0, FUP N: 0 _Upd: 0, REM N: 0
2008-11-18 02:43:27, Sec: 0.05
......Animal ID: 50, Subscriber: 5
PROC: Group Proc Simple - Ray................., Own: 1, Ani: 0, FUP N: 0 _Upd: 0, REM N: 0
2008-11-18 04:31:59, Sec: 0.03
......Animal ID: 50, Subscriber: 5
PROC: Group Proc Simple - Ray................., Own: 1, Ani: 0, FUP N: 0 _Upd: 0, REM N: 0
2008-11-18 04:35:21, Sec: 0.03
......Animal ID: 50, Subscriber: 5
PROC: Group Proc Simple - Ray................., Own: 1, Ani: 0, FUP N: 0 _Upd: 0, REM N: 0
2008-11-18 04:57:02, Sec: 0.03
......Animal ID: 50, Subscriber: 5
PROC: Group Proc Simple - Ray................., Own: 1, Ani: 0, FUP N: 0 _Upd: 0, REM N: 0
2008-11-18 04:57:53, Sec: 0.03
......Animal ID: 50, Subscriber: 5
PROC: Group Proc Simple - Ray................., Own: 1, Ani: 0, FUP N: 0 _Upd: 0, REM N: 0
2008-11-18 05:04:08, Sec: 0.03
......Animal ID: 50, Subscriber: 5
PROC: Group Proc Simple - Ray................., Own: 1, Ani: 0, FUP N: 0 _Upd: 0, REM N: 0
2008-11-18 05:05:17, Sec: 0.03
......Animal ID: 50, Subscriber: 5
PROC: Group Proc Simple - Ray................., Own: 1, Ani: 0, FUP N: 0 _Upd: 0, REM N: 0
2008-11-18 05:07:00, Sec: 0.03
......Animal ID: 50, Subscriber: 5
PROC: Group Proc Simple - Ray................., Own: 1, Ani: 0, FUP N: 0 _Upd: 0, REM N: 0
2008-11-18 05:07:59, Sec: 0.04
......Animal ID: 50, Subscriber: 5
PROC: Group Proc Simple - Ray................., Own: 1, Ani: 0, FUP N: 0 _Upd: 0, REM N: 0
2008-11-18 05:09:14, Sec: 0.03
......Animal ID: 50, Subscriber: 5
PROC: Group Proc Simple - Ray................., Own: 1, Ani: 0, FUP N: 0 _Upd: 0, REM N: 0
2008-11-18 05:18:46, Sec: 0.03
......Animal ID: 50, Subscriber: 5
PROC: Group Proc Simple - Ray................., Own: 1, Ani: 0, FUP N: 0 _Upd: 0, REM N: 0
2008-11-18 06:15:57, Sec: 0.03
......Animal ID: 50, Subscriber: 5
PROC: Group Proc Simple - Ray................., Own: 1, Ani: 0, FUP N: 0 _Upd: 0, REM N: 0
2008-11-18 06:19:27, Sec: 0.03
......Animal ID: 50, Subscriber: 5
PROC: Group Proc Simple - Ray................., Own: 1, Ani: 0, FUP N: 0 _Upd: 0, REM N: 0
2008-11-18 06:21:44, Sec: 1.88
......Animal ID: 50, Subscriber: 5
PROC: Group Proc Simple - Ray................., Own: 1, Ani: 0, FUP N: 0 _Upd: 0, REM N: 0
2008-11-18 06:22:56, Sec: 0.22
......Animal ID: 50, Subscriber: 5
PROC: Group Proc Simple - Ray................., Own: 1, Ani: 0, FUP N: 0 _Upd: 0, REM N: 0
2008-11-18 06:34:09, Sec: 0.11
......Animal ID: 50, Subscriber: 5
PROC: Group Proc Simple - Ray................., Own: 1, Ani: 0, FUP N: 0 _Upd: 0, REM N: 0
2008-11-19 04:55:51, Sec: 0.19
......Animal ID: 50, Subscriber: 5
PROC: Group Proc Simple - Ray................., Own: 1, Ani: 0, FUP N: 0 _Upd: 0, REM N: 0
2008-11-19 05:01:39, Sec: 0.05
......Animal ID: 50, Subscriber: 5
PROC: Group Proc Simple - Ray................., Own: 1, Ani: 0, FUP N: 0 _Upd: 0, REM N: 0
2008-11-19 05:06:15, Sec: 0.29
......Animal ID: 50, Subscriber: 5
PROC: Group Proc Simple - Ray................., Own: 1, Ani: 0, FUP N: 0 _Upd: 0, REM N: 0
2008-11-19 05:13:28, Sec: 0.36
......Animal ID: 50, Subscriber: 5
PROC: Group Proc Simple - Ray................., Own: 1, Ani: 0, FUP N: 0 _Upd: 0, REM N: 0
2008-11-19 05:14:50, Sec: 0.29
......Animal ID: 50, Subscriber: 5
PROC: Group Proc Simple - Ray................., Own: 1, Ani: 0, FUP N: 0 _Upd: 0, REM N: 0
2008-11-19 05:22:10, Sec: 0.35
......Animal ID: 50, Subscriber: 5
PROC: Group Proc Simple - Ray................., Own: 1, Ani: 0, FUP N: 0 _Upd: 0, REM N: 0
2008-11-19 05:30:36, Sec: 0.37
......Animal ID: 50, Subscriber: 5
PROC: Group Proc Simple - Ray................., Own: 1, Ani: 0, FUP N: 0 _Upd: 0, REM N: 0
2008-11-19 05:40:38, Sec: 0.16
......Animal ID: 50, Subscriber: 5
PROC: Group Proc Simple - Ray................., Own: 1, Ani: 0, FUP N: 0 _Upd: 0, REM N: 0
2008-11-19 05:41:12, Sec: 0.11
......Animal ID: 50, Subscriber: 5
PROC: Group Proc Simple - Ray................., Own: 1, Ani: 0, FUP N: 0 _Upd: 0, REM N: 0
2008-11-19 05:41:27, Sec: 0.32
......Animal ID: 50, Subscriber: 5
PROC: Group Proc Simple - Ray................., Own: 1, Ani: 0, FUP N: 0 _Upd: 0, REM N: 0
2008-11-19 05:42:15, Sec: 0.14
......Animal ID: 50, Subscriber: 5
PROC: Group Proc Simple - Ray................., Own: 1, Ani: 0, FUP N: 0 _Upd: 0, REM N: 0
2008-11-19 09:52:48, Sec: 0.06
......Animal ID: 1, Subscriber: 2
2008-11-19 01:25:06, Sec: 0.04
......Animal ID: 1, Subscriber: 2
2008-11-19 01:25:26, Sec: 0.05
......Animal ID: 1, Subscriber: 2
2008-11-21 03:57:22, Sec: 0.24
......Animal ID: 1, Subscriber: 2
PROC: test proc..............................., Own: 1, Ani: 1, FUP N: 0 _Upd: 1, REM N: 0
2008-11-22 11:24:34, Sec: 0.36
......Animal ID: 1, Subscriber: 2
PROC: test proc..............................., Own: 1, Ani: 1, FUP N: 1 _Upd: 0, REM N: 0
2008-11-23 06:28:37, Sec: 0.29
......Animal ID: 3, Subscriber: 2
PROC: test proc..............................., Own: 1, Ani: 0, FUP N: 0 _Upd: 0, REM N: 0, noChannelOwners: 3 NOT
2008-11-23 06:29:27, Sec: 0.02
......Animal ID: 3, Subscriber: 2
PROC: test proc..............................., Own: 1, Ani: 0, FUP N: 0 _Upd: 0, REM N: 0, noChannelOwners: 3 NOT
2008-11-23 06:36:51, Sec: 0.02
......Animal ID: 3, Subscriber: 2
PROC: test proc..............................., Own: 1, Ani: 0, FUP N: 0 _Upd: 0, REM N: 0, noChannelOwners: 3 NOT
2008-11-23 08:53:36, Sec: 0.02
......Animal ID: 3, Subscriber: 2
PROC: test proc..............................., Own: 1, Ani: 0, FUP N: 0 _Upd: 0, REM N: 0, noChannelOwners: 3 NOT
2008-11-25 12:31:06, Sec: 0.09
......Animal ID: 1, Subscriber: 1
2008-11-25 12:31:07, Sec: 0.05
......Animal ID: 2, Subscriber: 1
2008-11-25 01:22:36, Sec: 0.12
......Animal ID: 1, Subscriber: 1
2008-11-25 01:22:36, Sec: 0.05
......Animal ID: 2, Subscriber: 1
2008-11-25 01:23:56, Sec: 0.38
......Animal ID: 1, Subscriber: 1
2008-11-25 01:32:01, Sec: 0.1
......Animal ID: 1, Subscriber: 1
2008-11-25 01:32:01, Sec: 0.02
......Animal ID: 2, Subscriber: 1
2008-11-25 01:32:01, Sec: 0.02
......Animal ID: 3, Subscriber: 1
2008-11-25 03:58:54, Sec: 0.11
......Animal ID: 1, Subscriber: 1
2008-11-25 03:58:54, Sec: 0.02
......Animal ID: 3, Subscriber: 1
2008-11-25 04:03:34, Sec: 0.04
......Animal ID: 1, Subscriber: 1
2008-11-25 04:04:27, Sec: 0.05
......Animal ID: 1, Subscriber: 1
2008-11-25 04:05:19, Sec: 0.13
......Animal ID: 1, Subscriber: 1
2008-11-25 04:05:22, Sec: 2.63
......Animal ID: 3, Subscriber: 1
2008-11-25 04:08:55, Sec: 3.65
......Animal ID: 1, Subscriber: 1
2008-11-25 04:08:58, Sec: 0.29
......Animal ID: 3, Subscriber: 1
2008-11-25 04:12:26, Sec: 0.05
......Animal ID: 1, Subscriber: 1
2008-11-25 04:12:26, Sec: 0.02
......Animal ID: 2, Subscriber: 1
2008-11-25 04:12:26, Sec: 0.07
......Animal ID: 3, Subscriber: 1
2008-11-25 04:12:26, Sec: 0.06
......Animal ID: 2, Subscriber: 1
2008-11-25 04:12:26, Sec: 0.02
......Animal ID: 3, Subscriber: 1
2008-11-25 04:14:26, Sec: 0.04
2008-11-25 04:14:26, Sec: 0.49
......Animal ID: 1, Subscriber: 1
......Animal ID: 2, Subscriber: 1
2008-11-25 04:14:26, Sec: 0.04
......Animal ID: 3, Subscriber: 1
2008-11-25 04:17:04, Sec: 0.23
......Animal ID: 1, Subscriber: 1
2008-11-25 04:17:05, Sec: 0.05
......Animal ID: 3, Subscriber: 1
2008-11-25 04:17:06, Sec: 0.05
......Animal ID: 3, Subscriber: 1
2008-11-26 04:32:23, Sec: 0.06
......Animal ID: 6, Subscriber: 3
2008-11-26 04:37:55, Sec: 0.02
......Animal ID: 6, Subscriber: 3
2008-11-26 04:38:47, Sec: 2.33
......Animal ID: 5, Subscriber: 3
2008-11-26 04:42:49, Sec: 0.02
......Animal ID: 5, Subscriber: 3
2008-11-26 04:56:46, Sec: 0.02
......Animal ID: 5, Subscriber: 3
2008-11-26 04:58:59, Sec: 0.02
......Animal ID: 5, Subscriber: 3
2008-11-26 04:59:10, Sec: 0.02
......Animal ID: 5, Subscriber: 3
2008-11-26 04:59:17, Sec: 0.02
......Animal ID: 6, Subscriber: 3
2008-11-26 04:59:23, Sec: 0.02
......Animal ID: 6, Subscriber: 3
2008-11-26 04:59:29, Sec: 0.02
......Animal ID: 6, Subscriber: 3
2008-11-26 05:25:45, Sec: 0.88
......Animal ID: 13, Subscriber: 3
PROC: test...................................., Own: 1, Ani: 0, FUP N: 0 _Upd: 0, REM N: 0
2008-11-26 05:38:39, Sec: 0.06
......Animal ID: 13, Subscriber: 3
PROC: test...................................., Own: 1, Ani: 0, FUP N: 0 _Upd: 0, REM N: 0
2008-11-26 06:12:23, Sec: 0.2
......Animal ID: 14, Subscriber: 5
2008-11-26 06:13:18, Sec: 0.02
......Animal ID: 14, Subscriber: 5
2008-11-27 02:59:31, Sec: 0.17
......Animal ID: 15, Subscriber: 5
2008-11-27 03:01:02, Sec: 0.02
......Animal ID: 15, Subscriber: 5
2008-11-27 03:01:33, Sec: 0.02
......Animal ID: 15, Subscriber: 5
2008-11-27 03:03:04, Sec: 0.02
......Animal ID: 15, Subscriber: 5
2008-11-27 03:06:22, Sec: 0.21
......Animal ID: 15, Subscriber: 5
2008-11-27 03:07:19, Sec: 0.02
......Animal ID: 15, Subscriber: 5
2008-11-27 03:08:10, Sec: 0.02
......Animal ID: 15, Subscriber: 5
2008-11-27 03:11:35, Sec: 0.35
......Animal ID: 15, Subscriber: 5
2008-11-27 03:11:48, Sec: 0.02
......Animal ID: 15, Subscriber: 5
2008-11-27 03:12:38, Sec: 0.02
......Animal ID: 15, Subscriber: 5
2008-11-27 03:13:15, Sec: 0.32
......Animal ID: 15, Subscriber: 5
2008-11-27 03:13:59, Sec: 0.02
......Animal ID: 15, Subscriber: 5
2008-11-27 03:14:56, Sec: 0.02
......Animal ID: 15, Subscriber: 5
2008-11-27 03:17:10, Sec: 0.02
......Animal ID: 15, Subscriber: 5
2008-11-27 03:20:46, Sec: 0.02
......Animal ID: 15, Subscriber: 5
2008-11-27 03:23:43, Sec: 0.36
......Animal ID: 15, Subscriber: 5
2008-11-27 03:24:51, Sec: 0.02
......Animal ID: 15, Subscriber: 5
2008-11-27 03:26:07, Sec: 0.02
......Animal ID: 15, Subscriber: 5
2008-11-27 03:28:30, Sec: 0.4
......Animal ID: 15, Subscriber: 5
2008-11-27 03:29:44, Sec: 0.08
......Animal ID: 15, Subscriber: 5
2008-11-27 04:05:00, Sec: 0.22
......Animal ID: 16, Subscriber: 5
2008-11-27 04:08:11, Sec: 0.02
......Animal ID: 16, Subscriber: 5
2008-11-27 04:12:32, Sec: 0.02
......Animal ID: 16, Subscriber: 5
2008-11-27 04:16:50, Sec: 0.02
......Animal ID: 16, Subscriber: 5
2008-11-27 04:17:01, Sec: 0.02
......Animal ID: 16, Subscriber: 5
2008-11-27 04:18:04, Sec: 0.02
......Animal ID: 16, Subscriber: 5
2008-11-27 04:19:47, Sec: 0.02
......Animal ID: 16, Subscriber: 5
2008-11-27 04:20:06, Sec: 0.28
......Animal ID: 16, Subscriber: 5
2008-11-27 04:22:00, Sec: 0.03
......Animal ID: 16, Subscriber: 5
2008-11-27 04:23:32, Sec: 0.31
......Animal ID: 16, Subscriber: 5
2008-11-27 04:24:54, Sec: 0.02
......Animal ID: 16, Subscriber: 5
2008-11-27 04:32:00, Sec: 0.02
......Animal ID: 16, Subscriber: 5
2008-11-27 04:49:45, Sec: 0.04
......Animal ID: 16, Subscriber: 5
2008-11-27 04:50:44, Sec: 0.31
......Animal ID: 16, Subscriber: 5
2008-11-27 04:54:14, Sec: 0.02
......Animal ID: 16, Subscriber: 5
2008-11-27 05:06:16, Sec: 0.04
......Animal ID: 16, Subscriber: 5
2008-11-27 05:14:09, Sec: 0.28
......Animal ID: 16, Subscriber: 5
2008-11-27 05:31:12, Sec: 0.02
......Animal ID: 17, Subscriber: 5
2008-11-27 12:46:10, Sec: 1.31
......Animal ID: 18, Subscriber: 5
PROC: proc Z.................................., Own: 1, Ani: 1, FUP N: 1 _Upd: 0, REM N: 0
2008-12-07 07:52:50, Sec: 0.08
......Animal ID: 15, Subscriber: 5
PROC: proc Z.................................., Own: 1, Ani: 1, FUP N: 0 _Upd: 1, REM N: 0
2008-12-07 07:59:45, Sec: 0.03
......Animal ID: 15, Subscriber: 5
PROC: proc Z.................................., Own: 1, Ani: 1, FUP N: 0 _Upd: 1, REM N: 0
2008-12-07 08:02:43, Sec: 0.02
......Animal ID: 15, Subscriber: 5
PROC: proc Z.................................., Own: 1, Ani: 1, FUP N: 0 _Upd: 1, REM N: 0
2008-12-07 08:04:35, Sec: 0.02
......Animal ID: 15, Subscriber: 5
PROC: proc Z.................................., Own: 1, Ani: 1, FUP N: 0 _Upd: 1, REM N: 0
2008-12-07 08:09:45, Sec: 0.02
......Animal ID: 15, Subscriber: 5
PROC: proc Z.................................., Own: 1, Ani: 1, FUP N: 0 _Upd: 1, REM N: 0
2008-12-07 08:10:07, Sec: 0.02
......Animal ID: 15, Subscriber: 5
PROC: proc Z.................................., Own: 1, Ani: 1, FUP N: 0 _Upd: 1, REM N: 0
2008-12-31 01:32:24, Sec: 0.35
......Animal ID: 15, Subscriber: 5
PROC: proc Z.................................., Own: 1, Ani: 1, FUP N: 0 _Upd: 1, REM N: 0
