STARTING 2008-11-25 08:01:26, Sec: 1227571286.32
STARTING 2008-11-26 09:28:33, Sec: 1227662913.96
... INI_COPY_FAILED: 002-{9AC9AF39-4966-496A-8ABC-7BEF35348817}[3].INI_1227651894.ini
... INI_COPY_FAILED: Laurent[1].INI
... SUBS_NOT_FOUND: MICHEL_1227650858.ini
... SUBS_NOT_FOUND: MICHEL_1227650880.ini
... SUBS_NOT_FOUND: MICHEL_1227651097.ini
... SUBS_NOT_FOUND: MICHEL_1227651121.ini
... SUBS_NOT_FOUND: MICHEL_1227651142.ini
... SUBS_NOT_FOUND: MICHEL_1227651198.ini
... SUBS_NOT_FOUND: MICHEL_1227651350.ini
... SUBS_NOT_FOUND: MICHEL_1227651483.ini
... INI_COPY_FAILED: POP_{D9C20B97-1964-42D3-BE1E-9DC1516AD56E}[1].INI
... INI_COPY_FAILED: {356AC17C-0AAD-4BE7-B550-1BF8FDB5B339}[1].INI
... INI_COPY_FAILED: {3D994BB7-D279-4656-9B8B-4FC4204A7462}[3].INI_1227648344.ini
... INI_COPY_FAILED: {3D994BB7-D279-4656-9B8B-4FC4204A7462}[3].INI_1227649118.ini
... INI_COPY_FAILED: {737F437E-DB29-4FA6-B61B-92F1E304523C}[1].INI
... INI_COPY_FAILED: {D9C20B97-1964-42D3-BE1E-9DC1516AD56E}[1].INI
STARTING 2008-11-27 05:50:54, Sec: 1227736254.89
... SUBS_NOT_FOUND: INI.txt_1227725944.ini
... SUBS_NOT_FOUND: INI.txt_1227725969.ini
... SUBS_NOT_FOUND: INI.txt_1227726031.ini
... SUBS_NOT_FOUND: INI.txt_1227726044.ini
... SUBS_NOT_FOUND: INI.txt_1227726061.ini
... SUBS_NOT_FOUND: INI.txt_1227726092.ini
... SUBS_NOT_FOUND: INI.txt_1227726184.ini
... SUBS_NOT_FOUND: INI.txt_1227726381.ini
... SUBS_NOT_FOUND: INI.txt_1227726438.ini
... SUBS_NOT_FOUND: INI.txt_1227726490.ini
... SUBS_NOT_FOUND: INI.txt_1227726695.ini
... SUBS_NOT_FOUND: INI.txt_1227726707.ini
... SUBS_NOT_FOUND: INI.txt_1227726757.ini
... SUBS_NOT_FOUND: INI.txt_1227726795.ini
... SUBS_NOT_FOUND: INI.txt_1227726838.ini
... SUBS_NOT_FOUND: INI.txt_1227726895.ini
... SUBS_NOT_FOUND: INI.txt_1227727030.ini
... SUBS_NOT_FOUND: INI.txt_1227727246.ini
... SUBS_NOT_FOUND: INI.txt_1227727422.ini
... SUBS_NOT_FOUND: INI.txt_1227727490.ini
... SUBS_NOT_FOUND: INI.txt_1227727567.ini
... SUBS_NOT_FOUND: INI.txt_1227727624.ini
... SUBS_NOT_FOUND: INI.txt_1227727709.ini
... SUBS_NOT_FOUND: INI.txt_1227727783.ini
... INI_COPY_FAILED: [3].INI_1227729899.ini
... INI_COPY_FAILED: [3].INI_1227730091.ini
... INI_COPY_FAILED: [3].INI_1227730352.ini
... INI_COPY_FAILED: [3].INI_1227730610.ini
... INI_COPY_FAILED: [3].INI_1227730620.ini
... INI_COPY_FAILED: [3].INI_1227730684.ini
... INI_COPY_FAILED: [3].INI_1227730786.ini
... INI_COPY_FAILED: [3].INI_1227730806.ini
... INI_COPY_FAILED: [3].INI_1227730919.ini
... INI_COPY_FAILED: [3].INI_1227731011.ini
... INI_COPY_FAILED: [3].INI_1227731093.ini
... INI_COPY_FAILED: [3].INI_1227731520.ini
... INI_COPY_FAILED: [3].INI_1227732585.ini
... INI_COPY_FAILED: [3].INI_1227732644.ini
... INI_COPY_FAILED: [3].INI_1227732854.ini
... INI_COPY_FAILED: [3].INI_1227732986.ini
... INI_COPY_FAILED: [3].INI_1227733105.ini
... INI_COPY_FAILED: [3].INI_1227733118.ini
... INI_COPY_FAILED: [3].INI_1227733234.ini
... INI_COPY_FAILED: [3].INI_1227733335.ini
... INI_COPY_FAILED: [3].INI_1227733454.ini
... INI_COPY_FAILED: [3].INI_1227733515.ini
... INI_COPY_FAILED: [3].INI_1227733564.ini
... INI_COPY_FAILED: [3].INI_1227733575.ini
... INI_COPY_FAILED: [3].INI_1227734048.ini
... SUBS_NOT_FOUND: specieapos_1227735071.ini
